<?xml version="1.0" encoding="UTF-8"?>
<testsuite name="FactorialTest" tests="4" skipped="0" failures="0" errors="0" timestamp="2021-12-29T11:38:31" hostname="MARIA" time="0.029">
  <properties/>
  <testcase name="factorialFive()" classname="FactorialTest" time="0.026"/>
  <testcase name="factorialZero()" classname="FactorialTest" time="0.0"/>
  <testcase name="factorialEight()" classname="FactorialTest" time="0.0"/>
  <testcase name="factorialOne()" classname="FactorialTest" time="0.0"/>
  <system-out><![CDATA[]]></system-out>
  <system-err><![CDATA[]]></system-err>
</testsuite>
